This is LuaTeX, Version beta-0.80.0 (TeX Live 2015/Debian) (rev 5238)  (format=lualatex 2017.10.15)  20 JUN 2018 12:19
 restricted \write18 enabled.
**0_abstract.tex
(./0_abstract.tex
LaTeX2e <2016/02/01>
Babel <3.9q> and hyphenation patterns for 1 language(s) loaded.

! LaTeX Error: Environment abstracts undefined.

See the LaTeX manual or LaTeX Companion for explanation.
Type  H <return>  for immediate help.
 ...                                              
                                                  
l.5 \begin{abstracts}
                   
Your command was ignored.
Type  I <command> <return>  to replace it with another command,
or  <return>  to continue without it.


! Package babel Error: You haven't defined the language spanish yet.

See the babel package documentation for explanation.
Type  H <return>  for immediate help.
 ...                                              
                                                  
l.6 \selectlanguage{spanish}
                          
Your command will be ignored, type <return> to proceed


! LaTeX Error: Missing \begin{document}.

See the LaTeX manual or LaTeX Companion for explanation.
Type  H <return>  for immediate help.
 ...                                              
                                                  
l.8 L
   os actuales desarrollos en los modelos de estructura del Universo a gran ...
You're in trouble here.  Try typing  <return>  to proceed.
If that doesn't work, type  X <return>  to quit.

LaTeX Font Info:    Try loading font information for +cmr on input line 8.
LaTeX Font Info:    No file cmr.fd. on input line 8.

LaTeX Font Warning: Font shape `/cmr/m/n' undefined
(Font)              using `/cmr/m/n' instead on input line 8.

! Corrupted NFSS tables.
wrong@fontshape ...message {Corrupted NFSS tables}
                                                  error@fontshape else let f...
l.8 ...tructura del Universo a gran escala y las \'u
                                                  ltimas simulaciones con un...
This error message was generated by an \errmessage
command, so I can't give any explicit help.
Pretend that you're Hercule Poirot: Examine all clues,
and deduce the truth by order and method.


LaTeX Font Warning: Font shape `/cmr/m/n' undefined
(Font)              using `OT1/cmr/m/n' instead on input line 8.


Overfull \hbox (20.0pt too wide) in paragraph at lines 8--9
[][]Los
 []


Overfull \hbox (10.55559pt too wide) in paragraph at lines 8--9
\OT1/cmr/m/n/10 \/cmr/m/n/10 u\nullfont l-
 []


Overfull \hbox (5.00002pt too wide) in paragraph at lines 8--9
resoluci\OT1/cmr/m/n/10 \/cmr/m/n/10 o\nullfont n
 []


Overfull \hbox (5.00002pt too wide) in paragraph at lines 8--9
evoluci\OT1/cmr/m/n/10 \/cmr/m/n/10 o\nullfont n
 []


! LaTeX Error: Missing \begin{document}.

See the LaTeX manual or LaTeX Companion for explanation.
Type  H <return>  for immediate help.
 ...                                              
                                                  
l.10 L
    as sobre densidades son aglomeraciones de halos de materia escura que co...
You're in trouble here.  Try typing  <return>  to proceed.
If that doesn't work, type  X <return>  to quit.


Overfull \hbox (20.0pt too wide) in paragraph at lines 10--11
[][]Las
 []


! LaTeX Error: Missing \begin{document}.

See the LaTeX manual or LaTeX Companion for explanation.
Type  H <return>  for immediate help.
 ...                                              
                                                  
l.14 C
    omo ha sido demostrado a partir de simulaciones y observaciones
You're in trouble here.  Try typing  <return>  to proceed.
If that doesn't work, type  X <return>  to quit.


Overfull \hbox (20.0pt too wide) in paragraph at lines 14--27
[][]Como
 []


! LaTeX Error: Missing \begin{document}.

See the LaTeX manual or LaTeX Companion for explanation.
Type  H <return>  for immediate help.
 ...                                              
                                                  
l.29 C
    on la motivación de seguir esta línea, en el actual trabajo se hace un
You're in trouble here.  Try typing  <return>  to proceed.
If that doesn't work, type  X <return>  to quit.


Overfull \hbox (20.0pt too wide) in paragraph at lines 29--40
[][]Con
 []


! LaTeX Error: \begin{document} ended by \end{abstracts}.

See the LaTeX manual or LaTeX Companion for explanation.
Type  H <return>  for immediate help.
 ...                                              
                                                  
l.42 \end{abstracts}
                  
Your command was ignored.
Type  I <command> <return>  to replace it with another command,
or  <return>  to continue without it.


! Package babel Error: Unknown language `english'. Either you have
(babel)                misspelled its name, it has not been installed,
(babel)                or you requested it in a previous run. Fix its name,
(babel)                install it or just rerun the file, respectively.

See the babel package documentation for explanation.
Type  H <return>  for immediate help.
 ...                                              
                                                  
l.42 \end{abstracts}
                  
You may proceed, but expect unexpected results

)
! Emergency stop.
<*> 0_abstract.tex
               
*** (job aborted, no legal \end found)



Here is how much of LuaTeX's memory you used:
 27 strings out of 495004
 100000,89155 words of node,token memory allocated 12754 words of node memory still in use:
   18 hlist, 2 disc, 351 glue, 4 kern, 10 penalty, 1795 glyph, 64 glue_spec, 4 l
ocal_par, 1 dir nodes
   avail lists: 1:1,2:12,3:1,4:124,6:1,7:140,10:138
 3709 multiletter control sequences out of 65536+600000
 16 fonts using 641263 bytes
 16i,1n,16p,327b,91s stack positions out of 5000i,500n,10000p,200000b,100000s
!  ==> Fatal error occurred, no output PDF file produced!
