This is pdfTeX, Version 3.1415926-1.40.10 (TeX Live 2009/Debian) (format=pdflatex 2010.11.21)  9 FEB 2013 15:47
entering extended mode
 restricted \write18 enabled.
 %&-line parsing enabled.
**Macros.tex
(./Macros.tex
LaTeX2e <2009/09/24>
Babel <v3.8l> and hyphenation patterns for english, usenglishmax, dumylang, noh
yphenation, loaded.

! LaTeX Error: \usepackage before \documentclass.

See the LaTeX manual or LaTeX Companion for explanation.
Type  H <return>  for immediate help.
 ...                                              
                                                  
l.15 \usepackage{
                 bm}
\usepackage may only appear in the document preamble, i.e.,
between \documentclass and \begin{document}.


! LaTeX Error: \listtablename undefined.

See the LaTeX manual or LaTeX Companion for explanation.
Type  H <return>  for immediate help.
 ...                                              
                                                  
l.34 \renewcommand{\listtablename}
                                  {Índice de tablas}
Try typing  <return>  to proceed.
If that doesn't work, type  X <return>  to quit.


! LaTeX Error: \tablename undefined.

See the LaTeX manual or LaTeX Companion for explanation.
Type  H <return>  for immediate help.
 ...                                              
                                                  
l.35 \renewcommand{\tablename}
                              {Tabla}
Try typing  <return>  to proceed.
If that doesn't work, type  X <return>  to quit.


! LaTeX Error: \usepackage before \documentclass.

See the LaTeX manual or LaTeX Companion for explanation.
Type  H <return>  for immediate help.
 ...                                              
                                                  
l.37 \usepackage{
                 color, colortbl}
\usepackage may only appear in the document preamble, i.e.,
between \documentclass and \begin{document}.

\figwidth=\skip41
\anchoFigura=\skip42
\anchoFloat=\skip43
)
! Emergency stop.
<*> Macros.tex
              
*** (job aborted, no legal \end found)

 
Here is how much of TeX's memory you used:
 44 strings out of 495061
 430 string characters out of 1182620
 45108 words of memory out of 3000000
 3321 multiletter control sequences out of 15000+50000
 3640 words of font info for 14 fonts, out of 3000000 for 9000
 28 hyphenation exceptions out of 8191
 7i,0n,10p,127b,14s stack positions out of 5000i,500n,10000p,200000b,50000s
!  ==> Fatal error occurred, no output PDF file produced!
