\BOOKMARK [0][]{chapter*.2}{Índice de figuras}{}% 1
\BOOKMARK [0][]{chapter.1}{1 Cosmología y Formación de Estructuras.}{}% 2
\BOOKMARK [1][]{section.1.1}{1.1 Relatividad General en el ámbito cosmológico \(Universo homogéneo e isótropo \)}{chapter.1}% 3
\BOOKMARK [1][]{section.1.2}{1.2 Geometría}{chapter.1}% 4
\BOOKMARK [2][]{subsection.1.2.1}{1.2.1 Métrica}{section.1.2}% 5
\BOOKMARK [1][]{section.1.3}{1.3 Ecuaciones de Friedmann}{chapter.1}% 6
\BOOKMARK [1][]{section.1.4}{1.4 Régimen Lineal Para la Formación de Estructuras.}{chapter.1}% 7
\BOOKMARK [2][]{subsection.1.4.1}{1.4.1 Régimen Newtoniano.}{section.1.4}% 8
\BOOKMARK [1][]{section.1.5}{1.5 Régimen no lineal Para la Formación de Estructuras.}{chapter.1}% 9
\BOOKMARK [2][]{subsection.1.5.1}{1.5.1 Aproximación de Zeldovich}{section.1.5}% 10
\BOOKMARK [0][]{chapter.2}{2 Teoría sobre AGN.}{}% 11
\BOOKMARK [1][]{section.2.1}{2.1 Introducción a AGN's}{chapter.2}% 12
\BOOKMARK [2][]{subsection.2.1.1}{2.1.1 Historia}{section.2.1}% 13
\BOOKMARK [2][]{subsection.2.1.2}{2.1.2 Propiedades fundamentales de los Cuásares}{section.2.1}% 14
\BOOKMARK [2][]{subsection.2.1.3}{2.1.3 Cuásares, radio fuentes.}{section.2.1}% 15
\BOOKMARK [3][]{subsubsection.2.1.3.1}{2.1.3.1 Clasificación de las fuentes de radio.}{subsection.2.1.3}% 16
\BOOKMARK [3][]{subsubsection.2.1.3.2}{2.1.3.2 Radiación Sincrotrón}{subsection.2.1.3}% 17
\BOOKMARK [1][]{section.2.2}{2.2 Tipos de AGN's}{chapter.2}% 18
\BOOKMARK [2][]{subsection.2.2.1}{2.2.1 Quasi-Stelar Objects.}{section.2.2}% 19
\BOOKMARK [2][]{subsection.2.2.2}{2.2.2 Galaxias Seyfert.}{section.2.2}% 20
\BOOKMARK [2][]{subsection.2.2.3}{2.2.3 Radio Galaxias}{section.2.2}% 21
\BOOKMARK [2][]{subsection.2.2.4}{2.2.4 Variables Opticamente Violentas}{section.2.2}% 22
\BOOKMARK [2][]{subsection.2.2.5}{2.2.5 Objetos BL Lac}{section.2.2}% 23
\BOOKMARK [1][]{section.2.3}{2.3 El Enigma Central: La existencia de un Agujero Negro}{chapter.2}% 24
\BOOKMARK [2][]{subsection.2.3.1}{2.3.1 La Existencia de los Agujeros Negros}{section.2.3}% 25
\BOOKMARK [2][]{subsection.2.3.2}{2.3.2 Acreción.}{section.2.3}% 26
\BOOKMARK [2][]{subsection.2.3.3}{2.3.3 Generación de Jets.}{section.2.3}% 27
\BOOKMARK [2][]{subsection.2.3.4}{2.3.4 Formación de Lóbulos.}{section.2.3}% 28
\BOOKMARK [1][]{section.2.4}{2.4 Modelo Unificado}{chapter.2}% 29
\BOOKMARK [0][]{chapter.3}{3 Modelo de Spin.}{}% 30
\BOOKMARK [0][]{chapter.4}{4 Algoritmo y Modelación.}{}% 31
\BOOKMARK [0][]{chapter.5}{5 Clasificación entorno cosmológico \(Cosmic Web\)}{}% 32
