This is LuaTeX, Version beta-0.80.0 (TeX Live 2015/Debian) (rev 5238)  (format=lualatex 2017.10.15)  1 SEP 2018 09:38
 restricted \write18 enabled.
**4_Modelo_Spin.tex
(./4_Modelo_Spin.tex
LaTeX2e <2016/02/01>
Babel <3.9q> and hyphenation patterns for 1 language(s) loaded.

! LaTeX Error: Environment savequote undefined.

See the LaTeX manual or LaTeX Companion for explanation.
Type  H <return>  for immediate help.
 ...                                              
                                                  
l.3 \begin{savequote}
                   [50mm]
Your command was ignored.
Type  I <command> <return>  to replace it with another command,
or  <return>  to continue without it.


! LaTeX Error: Missing \begin{document}.

See the LaTeX manual or LaTeX Companion for explanation.
Type  H <return>  for immediate help.
 ...                                              
                                                  
l.3 \begin{savequote}[
                    50mm]
You're in trouble here.  Try typing  <return>  to proceed.
If that doesn't work, type  X <return>  to quit.


! LaTeX Error: \begin{document} ended by \end{savequote}.

See the LaTeX manual or LaTeX Companion for explanation.
Type  H <return>  for immediate help.
 ...                                              
                                                  
l.10 \end{savequote}
                  
Your command was ignored.
Type  I <command> <return>  to replace it with another command,
or  <return>  to continue without it.


Overfull \hbox (20.0pt too wide) in paragraph at lines 3--12
[][][50mm]
 []

! Undefined control sequence.
l.17 \chapter
           {Modelo de Spin.}
The control sequence at the end of the top line
of your error message was never \def'ed. If you have
misspelled it (e.g., `\hobx'), type `I' and the correct
spelling (e.g., `I\hbox'). Otherwise just continue,
and I'll forget about whatever was undefined.


! LaTeX Error: Missing \begin{document}.

See the LaTeX manual or LaTeX Companion for explanation.
Type  H <return>  for immediate help.
 ...                                              
                                                  
l.17 \chapter{M
             odelo de Spin.}
You're in trouble here.  Try typing  <return>  to proceed.
If that doesn't work, type  X <return>  to quit.


Overfull \hbox (20.0pt too wide) in paragraph at lines 17--19
[][]Modelo
 []

)
! Emergency stop.
<*> 4_Modelo_Spin.tex
                  
*** (job aborted, no legal \end found)



Here is how much of LuaTeX's memory you used:
 9 strings out of 495004
 100000,89155 words of node,token memory allocated 450 words of node memory still in use:
   6 hlist, 12 glue, 3 penalty, 19 glyph, 36 glue_spec, 1 write, 2 local_par, 1 
dir nodes
   avail lists: 2:12,3:1,4:1,6:1,7:4,10:2
 3697 multiletter control sequences out of 65536+600000
 14 fonts using 562767 bytes
 6i,0n,6p,101b,19s stack positions out of 5000i,500n,10000p,200000b,100000s
!  ==> Fatal error occurred, no output PDF file produced!
