-----------------------------------

Inicia lectura bh

Learning about file 0
Learning about file 1
Learning about file 2
Learning about file 3
Learning about file 4
Learning about file 5
Learning about file 6
Learning about file 7
Learning about file 8
Learning about file 9
Learning about file 10
Learning about file 11
Learning about file 12
Learning about file 13
Learning about file 14
Learning about file 15
Learning about file 16
Learning about file 17
Learning about file 18
Learning about file 19
Learning about file 20
Learning about file 21
Learning about file 22
Learning about file 23
Learning about file 24
Learning about file 25
Learning about file 26
Learning about file 27
Learning about file 28
Learning about file 29
Learning about file 30
Learning about file 31
Learning about file 32
Learning about file 33
Learning about file 34
Learning about file 35
Learning about file 36
Learning about file 37
Learning about file 38
Learning about file 39
Learning about file 40
Learning about file 41
Learning about file 42
Learning about file 43
Learning about file 44
Learning about file 45
Learning about file 46
Learning about file 47
Learning about file 48
Learning about file 49
Reading file 0
Reading file 1
Reading file 2
Reading file 3
Reading file 4
Reading file 5
Reading file 6
Reading file 7
Reading file 8
Reading file 9
Reading file 10
Reading file 11
Reading file 12
Reading file 13
Reading file 14
Reading file 15
Reading file 16
Reading file 17
Reading file 18
Reading file 19
Reading file 20
Reading file 21
Reading file 22
Reading file 23
Reading file 24
Reading file 25
Reading file 26
Reading file 27
Reading file 28
Reading file 29
Reading file 30
Reading file 31
Reading file 32
Reading file 33
Reading file 34
Reading file 35
Reading file 36
Reading file 37
Reading file 38
Reading file 39
Reading file 40
Reading file 41
Reading file 42
Reading file 43
Reading file 44
Reading file 45
Reading file 46
Reading file 47
Reading file 48
Reading file 49
-----------------------------------

Termina lectura bh

-----------------------------------

Inicia lectura halos

size data halos 104070
size data bh 1290
-----------------------------------

Termina lectura halos

-----------------------------------

Inicia busqueda de halos con bh

conteo regresivo:  1290
conteo regresivo:  1289
conteo regresivo:  1288
conteo regresivo:  1287
conteo regresivo:  1286
conteo regresivo:  1285
conteo regresivo:  1284
conteo regresivo:  1283
conteo regresivo:  1282
conteo regresivo:  1281
conteo regresivo:  1280
conteo regresivo:  1279
conteo regresivo:  1278
conteo regresivo:  1277
conteo regresivo:  1276
conteo regresivo:  1275
conteo regresivo:  1274
conteo regresivo:  1273
conteo regresivo:  1272
conteo regresivo:  1271
conteo regresivo:  1270
conteo regresivo:  1269
conteo regresivo:  1268
conteo regresivo:  1267
conteo regresivo:  1266
conteo regresivo:  1265
conteo regresivo:  1264
conteo regresivo:  1263
conteo regresivo:  1262
conteo regresivo:  1261
conteo regresivo:  1260
conteo regresivo:  1259
conteo regresivo:  1258
conteo regresivo:  1257
conteo regresivo:  1256
conteo regresivo:  1255
conteo regresivo:  1254
conteo regresivo:  1253
conteo regresivo:  1252
conteo regresivo:  1251
conteo regresivo:  1250
conteo regresivo:  1249
conteo regresivo:  1248
conteo regresivo:  1247
conteo regresivo:  1246
conteo regresivo:  1245
conteo regresivo:  1244
conteo regresivo:  1243
conteo regresivo:  1242
conteo regresivo:  1241
conteo regresivo:  1240
conteo regresivo:  1239
conteo regresivo:  1238
conteo regresivo:  1237
conteo regresivo:  1236
conteo regresivo:  1235
conteo regresivo:  1234
conteo regresivo:  1233
conteo regresivo:  1232
conteo regresivo:  1231
conteo regresivo:  1230
conteo regresivo:  1229
conteo regresivo:  1228
conteo regresivo:  1227
conteo regresivo:  1226
conteo regresivo:  1225
conteo regresivo:  1224
conteo regresivo:  1223
conteo regresivo:  1222
conteo regresivo:  1221
conteo regresivo:  1220
conteo regresivo:  1219
conteo regresivo:  1218
conteo regresivo:  1217
conteo regresivo:  1216
conteo regresivo:  1215
conteo regresivo:  1214
conteo regresivo:  1213
conteo regresivo:  1212
conteo regresivo:  1211
conteo regresivo:  1210
conteo regresivo:  1209
conteo regresivo:  1208
conteo regresivo:  1207
conteo regresivo:  1206
conteo regresivo:  1205
conteo regresivo:  1204
conteo regresivo:  1203
conteo regresivo:  1202
conteo regresivo:  1201
conteo regresivo:  1200
conteo regresivo:  1199
conteo regresivo:  1198
conteo regresivo:  1197
conteo regresivo:  1196
conteo regresivo:  1195
conteo regresivo:  1194
conteo regresivo:  1193
conteo regresivo:  1192
conteo regresivo:  1191
conteo regresivo:  1190
conteo regresivo:  1189
conteo regresivo:  1188
conteo regresivo:  1187
conteo regresivo:  1186
conteo regresivo:  1185
conteo regresivo:  1184
conteo regresivo:  1183
conteo regresivo:  1182
conteo regresivo:  1181
conteo regresivo:  1180
conteo regresivo:  1179
conteo regresivo:  1178
conteo regresivo:  1177
conteo regresivo:  1176
conteo regresivo:  1175
conteo regresivo:  1174
conteo regresivo:  1173
conteo regresivo:  1172
conteo regresivo:  1171
conteo regresivo:  1170
conteo regresivo:  1169
conteo regresivo:  1168
conteo regresivo:  1167
conteo regresivo:  1166
conteo regresivo:  1165
conteo regresivo:  1164
conteo regresivo:  1163
conteo regresivo:  1162
conteo regresivo:  1161
conteo regresivo:  1160
conteo regresivo:  1159
conteo regresivo:  1158
conteo regresivo:  1157
conteo regresivo:  1156
conteo regresivo:  1155
conteo regresivo:  1154
conteo regresivo:  1153
conteo regresivo:  1152
conteo regresivo:  1151
conteo regresivo:  1150
conteo regresivo:  1149
conteo regresivo:  1148
conteo regresivo:  1147
conteo regresivo:  1146
conteo regresivo:  1145
conteo regresivo:  1144
conteo regresivo:  1143
conteo regresivo:  1142
conteo regresivo:  1141
conteo regresivo:  1140
conteo regresivo:  1139
conteo regresivo:  1138
conteo regresivo:  1137
conteo regresivo:  1136
conteo regresivo:  1135
conteo regresivo:  1134
conteo regresivo:  1133
conteo regresivo:  1132
conteo regresivo:  1131
conteo regresivo:  1130
conteo regresivo:  1129
conteo regresivo:  1128
conteo regresivo:  1127
conteo regresivo:  1126
conteo regresivo:  1125
conteo regresivo:  1124
conteo regresivo:  1123
conteo regresivo:  1122
conteo regresivo:  1121
conteo regresivo:  1120
conteo regresivo:  1119
conteo regresivo:  1118
conteo regresivo:  1117
conteo regresivo:  1116
conteo regresivo:  1115
conteo regresivo:  1114
conteo regresivo:  1113
conteo regresivo:  1112
conteo regresivo:  1111
conteo regresivo:  1110
conteo regresivo:  1109
conteo regresivo:  1108
conteo regresivo:  1107
conteo regresivo:  1106
conteo regresivo:  1105
conteo regresivo:  1104
conteo regresivo:  1103
conteo regresivo:  1102
conteo regresivo:  1101
conteo regresivo:  1100
conteo regresivo:  1099
conteo regresivo:  1098
conteo regresivo:  1097
conteo regresivo:  1096
conteo regresivo:  1095
conteo regresivo:  1094
conteo regresivo:  1093
conteo regresivo:  1092
conteo regresivo:  1091
conteo regresivo:  1090
conteo regresivo:  1089
conteo regresivo:  1088
conteo regresivo:  1087
conteo regresivo:  1086
conteo regresivo:  1085
conteo regresivo:  1084
conteo regresivo:  1083
conteo regresivo:  1082
conteo regresivo:  1081
conteo regresivo:  1080
conteo regresivo:  1079
conteo regresivo:  1078
conteo regresivo:  1077
conteo regresivo:  1076
conteo regresivo:  1075
conteo regresivo:  1074
conteo regresivo:  1073
conteo regresivo:  1072
conteo regresivo:  1071
conteo regresivo:  1070
conteo regresivo:  1069
conteo regresivo:  1068
conteo regresivo:  1067
conteo regresivo:  1066
conteo regresivo:  1065
conteo regresivo:  1064
conteo regresivo:  1063
conteo regresivo:  1062
conteo regresivo:  1061
conteo regresivo:  1060
conteo regresivo:  1059
conteo regresivo:  1058
conteo regresivo:  1057
conteo regresivo:  1056
conteo regresivo:  1055
conteo regresivo:  1054
conteo regresivo:  1053
conteo regresivo:  1052
conteo regresivo:  1051
conteo regresivo:  1050
conteo regresivo:  1049
conteo regresivo:  1048
conteo regresivo:  1047
conteo regresivo:  1046
conteo regresivo:  1045
conteo regresivo:  1044
conteo regresivo:  1043
conteo regresivo:  1042
conteo regresivo:  1041
conteo regresivo:  1040
conteo regresivo:  1039
conteo regresivo:  1038
conteo regresivo:  1037
conteo regresivo:  1036
conteo regresivo:  1035
conteo regresivo:  1034
conteo regresivo:  1033
conteo regresivo:  1032
conteo regresivo:  1031
conteo regresivo:  1030
conteo regresivo:  1029
conteo regresivo:  1028
conteo regresivo:  1027
conteo regresivo:  1026
conteo regresivo:  1025
conteo regresivo:  1024
conteo regresivo:  1023
conteo regresivo:  1022
conteo regresivo:  1021
conteo regresivo:  1020
conteo regresivo:  1019
conteo regresivo:  1018
conteo regresivo:  1017
conteo regresivo:  1016
conteo regresivo:  1015
conteo regresivo:  1014
conteo regresivo:  1013
conteo regresivo:  1012
conteo regresivo:  1011
conteo regresivo:  1010
conteo regresivo:  1009
conteo regresivo:  1008
conteo regresivo:  1007
conteo regresivo:  1006
conteo regresivo:  1005
conteo regresivo:  1004
conteo regresivo:  1003
conteo regresivo:  1002
conteo regresivo:  1001
conteo regresivo:  1000
conteo regresivo:  999
conteo regresivo:  998
conteo regresivo:  997
conteo regresivo:  996
conteo regresivo:  995
conteo regresivo:  994
conteo regresivo:  993
conteo regresivo:  992
conteo regresivo:  991
conteo regresivo:  990
conteo regresivo:  989
conteo regresivo:  988
conteo regresivo:  987
conteo regresivo:  986
conteo regresivo:  985
conteo regresivo:  984
conteo regresivo:  983
conteo regresivo:  982
conteo regresivo:  981
conteo regresivo:  980
conteo regresivo:  979
conteo regresivo:  978
conteo regresivo:  977
conteo regresivo:  976
conteo regresivo:  975
conteo regresivo:  974
conteo regresivo:  973
conteo regresivo:  972
conteo regresivo:  971
conteo regresivo:  970
conteo regresivo:  969
conteo regresivo:  968
conteo regresivo:  967
conteo regresivo:  966
conteo regresivo:  965
conteo regresivo:  964
conteo regresivo:  963
conteo regresivo:  962
conteo regresivo:  961
conteo regresivo:  960
conteo regresivo:  959
conteo regresivo:  958
conteo regresivo:  957
conteo regresivo:  956
conteo regresivo:  955
conteo regresivo:  954
conteo regresivo:  953
conteo regresivo:  952
conteo regresivo:  951
conteo regresivo:  950
conteo regresivo:  949
conteo regresivo:  948
conteo regresivo:  947
conteo regresivo:  946
conteo regresivo:  945
conteo regresivo:  944
conteo regresivo:  943
conteo regresivo:  942
conteo regresivo:  941
conteo regresivo:  940
conteo regresivo:  939
conteo regresivo:  938
conteo regresivo:  937
conteo regresivo:  936
conteo regresivo:  935
conteo regresivo:  934
conteo regresivo:  933
conteo regresivo:  932
conteo regresivo:  931
conteo regresivo:  930
conteo regresivo:  929
conteo regresivo:  928
conteo regresivo:  927
conteo regresivo:  926
conteo regresivo:  925
conteo regresivo:  924
conteo regresivo:  923
conteo regresivo:  922
conteo regresivo:  921
conteo regresivo:  920
conteo regresivo:  919
conteo regresivo:  918
conteo regresivo:  917
conteo regresivo:  916
conteo regresivo:  915
conteo regresivo:  914
conteo regresivo:  913
conteo regresivo:  912
conteo regresivo:  911
conteo regresivo:  910
conteo regresivo:  909
conteo regresivo:  908
conteo regresivo:  907
conteo regresivo:  906
conteo regresivo:  905
conteo regresivo:  904
conteo regresivo:  903
conteo regresivo:  902
conteo regresivo:  901
conteo regresivo:  900
conteo regresivo:  899
conteo regresivo:  898
conteo regresivo:  897
conteo regresivo:  896
conteo regresivo:  895
conteo regresivo:  894
conteo regresivo:  893
conteo regresivo:  892
conteo regresivo:  891
conteo regresivo:  890
conteo regresivo:  889
conteo regresivo:  888
conteo regresivo:  887
conteo regresivo:  886
conteo regresivo:  885
conteo regresivo:  884
conteo regresivo:  883
conteo regresivo:  882
conteo regresivo:  881
conteo regresivo:  880
conteo regresivo:  879
conteo regresivo:  878
conteo regresivo:  877
conteo regresivo:  876
conteo regresivo:  875
conteo regresivo:  874
conteo regresivo:  873
conteo regresivo:  872
conteo regresivo:  871
conteo regresivo:  870
conteo regresivo:  869
conteo regresivo:  868
conteo regresivo:  867
conteo regresivo:  866
conteo regresivo:  865
conteo regresivo:  864
conteo regresivo:  863
conteo regresivo:  862
conteo regresivo:  861
conteo regresivo:  860
conteo regresivo:  859
conteo regresivo:  858
conteo regresivo:  857
conteo regresivo:  856
conteo regresivo:  855
conteo regresivo:  854
conteo regresivo:  853
conteo regresivo:  852
conteo regresivo:  851
conteo regresivo:  850
conteo regresivo:  849
conteo regresivo:  848
conteo regresivo:  847
conteo regresivo:  846
conteo regresivo:  845
conteo regresivo:  844
conteo regresivo:  843
conteo regresivo:  842
conteo regresivo:  841
conteo regresivo:  840
conteo regresivo:  839
conteo regresivo:  838
conteo regresivo:  837
conteo regresivo:  836
conteo regresivo:  835
conteo regresivo:  834
conteo regresivo:  833
conteo regresivo:  832
conteo regresivo:  831
conteo regresivo:  830
conteo regresivo:  829
conteo regresivo:  828
conteo regresivo:  827
conteo regresivo:  826
conteo regresivo:  825
conteo regresivo:  824
conteo regresivo:  823
conteo regresivo:  822
conteo regresivo:  821
conteo regresivo:  820
conteo regresivo:  819
conteo regresivo:  818
conteo regresivo:  817
conteo regresivo:  816
conteo regresivo:  815
conteo regresivo:  814
conteo regresivo:  813
conteo regresivo:  812
conteo regresivo:  811
conteo regresivo:  810
conteo regresivo:  809
conteo regresivo:  808
conteo regresivo:  807
conteo regresivo:  806
conteo regresivo:  805
conteo regresivo:  804
conteo regresivo:  803
conteo regresivo:  802
conteo regresivo:  801
conteo regresivo:  800
conteo regresivo:  799
conteo regresivo:  798
conteo regresivo:  797
conteo regresivo:  796
conteo regresivo:  795
conteo regresivo:  794
conteo regresivo:  793
conteo regresivo:  792
conteo regresivo:  791
conteo regresivo:  790
conteo regresivo:  789
conteo regresivo:  788
conteo regresivo:  787
conteo regresivo:  786
conteo regresivo:  785
conteo regresivo:  784
conteo regresivo:  783
conteo regresivo:  782
conteo regresivo:  781
conteo regresivo:  780
conteo regresivo:  779
conteo regresivo:  778
conteo regresivo:  777
conteo regresivo:  776
conteo regresivo:  775
conteo regresivo:  774
conteo regresivo:  773
conteo regresivo:  772
conteo regresivo:  771
conteo regresivo:  770
conteo regresivo:  769
conteo regresivo:  768
conteo regresivo:  767
conteo regresivo:  766
conteo regresivo:  765
conteo regresivo:  764
conteo regresivo:  763
conteo regresivo:  762
conteo regresivo:  761
conteo regresivo:  760
conteo regresivo:  759
conteo regresivo:  758
conteo regresivo:  757
conteo regresivo:  756
conteo regresivo:  755
conteo regresivo:  754
conteo regresivo:  753
conteo regresivo:  752
conteo regresivo:  751
conteo regresivo:  750
conteo regresivo:  749
conteo regresivo:  748
conteo regresivo:  747
conteo regresivo:  746
conteo regresivo:  745
conteo regresivo:  744
conteo regresivo:  743
conteo regresivo:  742
conteo regresivo:  741
conteo regresivo:  740
conteo regresivo:  739
conteo regresivo:  738
conteo regresivo:  737
conteo regresivo:  736
conteo regresivo:  735
conteo regresivo:  734
conteo regresivo:  733
conteo regresivo:  732
conteo regresivo:  731
conteo regresivo:  730
conteo regresivo:  729
conteo regresivo:  728
conteo regresivo:  727
conteo regresivo:  726
conteo regresivo:  725
conteo regresivo:  724
conteo regresivo:  723
conteo regresivo:  722
conteo regresivo:  721
conteo regresivo:  720
conteo regresivo:  719
conteo regresivo:  718
conteo regresivo:  717
conteo regresivo:  716
conteo regresivo:  715
conteo regresivo:  714
conteo regresivo:  713
conteo regresivo:  712
conteo regresivo:  711
conteo regresivo:  710
conteo regresivo:  709
conteo regresivo:  708
conteo regresivo:  707
conteo regresivo:  706
conteo regresivo:  705
conteo regresivo:  704
conteo regresivo:  703
conteo regresivo:  702
conteo regresivo:  701
conteo regresivo:  700
conteo regresivo:  699
conteo regresivo:  698
conteo regresivo:  697
conteo regresivo:  696
conteo regresivo:  695
conteo regresivo:  694
conteo regresivo:  693
conteo regresivo:  692
conteo regresivo:  691
conteo regresivo:  690
conteo regresivo:  689
conteo regresivo:  688
conteo regresivo:  687
conteo regresivo:  686
conteo regresivo:  685
conteo regresivo:  684
conteo regresivo:  683
conteo regresivo:  682
conteo regresivo:  681
conteo regresivo:  680
conteo regresivo:  679
conteo regresivo:  678
conteo regresivo:  677
conteo regresivo:  676
conteo regresivo:  675
conteo regresivo:  674
conteo regresivo:  673
conteo regresivo:  672
conteo regresivo:  671
conteo regresivo:  670
conteo regresivo:  669
conteo regresivo:  668
conteo regresivo:  667
conteo regresivo:  666
conteo regresivo:  665
conteo regresivo:  664
conteo regresivo:  663
conteo regresivo:  662
conteo regresivo:  661
conteo regresivo:  660
conteo regresivo:  659
conteo regresivo:  658
conteo regresivo:  657
conteo regresivo:  656
conteo regresivo:  655
conteo regresivo:  654
conteo regresivo:  653
conteo regresivo:  652
conteo regresivo:  651
conteo regresivo:  650
conteo regresivo:  649
conteo regresivo:  648
conteo regresivo:  647
conteo regresivo:  646
conteo regresivo:  645
conteo regresivo:  644
conteo regresivo:  643
conteo regresivo:  642
conteo regresivo:  641
conteo regresivo:  640
conteo regresivo:  639
conteo regresivo:  638
conteo regresivo:  637
conteo regresivo:  636
conteo regresivo:  635
conteo regresivo:  634
conteo regresivo:  633
conteo regresivo:  632
conteo regresivo:  631
conteo regresivo:  630
conteo regresivo:  629
conteo regresivo:  628
conteo regresivo:  627
conteo regresivo:  626
conteo regresivo:  625
conteo regresivo:  624
conteo regresivo:  623
conteo regresivo:  622
conteo regresivo:  621
conteo regresivo:  620
conteo regresivo:  619
conteo regresivo:  618
conteo regresivo:  617
conteo regresivo:  616
conteo regresivo:  615
conteo regresivo:  614
conteo regresivo:  613
conteo regresivo:  612
conteo regresivo:  611
conteo regresivo:  610
conteo regresivo:  609
conteo regresivo:  608
conteo regresivo:  607
conteo regresivo:  606
conteo regresivo:  605
conteo regresivo:  604
conteo regresivo:  603
conteo regresivo:  602
conteo regresivo:  601
conteo regresivo:  600
conteo regresivo:  599
conteo regresivo:  598
conteo regresivo:  597
conteo regresivo:  596
conteo regresivo:  595
conteo regresivo:  594
conteo regresivo:  593
conteo regresivo:  592
conteo regresivo:  591
conteo regresivo:  590
conteo regresivo:  589
conteo regresivo:  588
conteo regresivo:  587
conteo regresivo:  586
conteo regresivo:  585
conteo regresivo:  584
conteo regresivo:  583
conteo regresivo:  582
conteo regresivo:  581
conteo regresivo:  580
conteo regresivo:  579
conteo regresivo:  578
conteo regresivo:  577
conteo regresivo:  576
conteo regresivo:  575
conteo regresivo:  574
conteo regresivo:  573
conteo regresivo:  572
conteo regresivo:  571
conteo regresivo:  570
conteo regresivo:  569
conteo regresivo:  568
conteo regresivo:  567
conteo regresivo:  566
conteo regresivo:  565
conteo regresivo:  564
conteo regresivo:  563
conteo regresivo:  562
conteo regresivo:  561
conteo regresivo:  560
conteo regresivo:  559
conteo regresivo:  558
conteo regresivo:  557
conteo regresivo:  556
conteo regresivo:  555
conteo regresivo:  554
conteo regresivo:  553
conteo regresivo:  552
conteo regresivo:  551
conteo regresivo:  550
conteo regresivo:  549
conteo regresivo:  548
conteo regresivo:  547
conteo regresivo:  546
conteo regresivo:  545
conteo regresivo:  544
conteo regresivo:  543
conteo regresivo:  542
conteo regresivo:  541
conteo regresivo:  540
conteo regresivo:  539
conteo regresivo:  538
conteo regresivo:  537
conteo regresivo:  536
conteo regresivo:  535
conteo regresivo:  534
conteo regresivo:  533
conteo regresivo:  532
conteo regresivo:  531
conteo regresivo:  530
conteo regresivo:  529
conteo regresivo:  528
conteo regresivo:  527
conteo regresivo:  526
conteo regresivo:  525
conteo regresivo:  524
conteo regresivo:  523
conteo regresivo:  522
conteo regresivo:  521
conteo regresivo:  520
conteo regresivo:  519
conteo regresivo:  518
conteo regresivo:  517
conteo regresivo:  516
conteo regresivo:  515
conteo regresivo:  514
conteo regresivo:  513
conteo regresivo:  512
conteo regresivo:  511
conteo regresivo:  510
conteo regresivo:  509
conteo regresivo:  508
conteo regresivo:  507
conteo regresivo:  506
conteo regresivo:  505
conteo regresivo:  504
conteo regresivo:  503
conteo regresivo:  502
conteo regresivo:  501
conteo regresivo:  500
conteo regresivo:  499
conteo regresivo:  498
conteo regresivo:  497
conteo regresivo:  496
conteo regresivo:  495
conteo regresivo:  494
conteo regresivo:  493
conteo regresivo:  492
conteo regresivo:  491
conteo regresivo:  490
conteo regresivo:  489
conteo regresivo:  488
conteo regresivo:  487
conteo regresivo:  486
conteo regresivo:  485
conteo regresivo:  484
conteo regresivo:  483
conteo regresivo:  482
conteo regresivo:  481
conteo regresivo:  480
conteo regresivo:  479
conteo regresivo:  478
conteo regresivo:  477
conteo regresivo:  476
conteo regresivo:  475
conteo regresivo:  474
conteo regresivo:  473
conteo regresivo:  472
conteo regresivo:  471
conteo regresivo:  470
conteo regresivo:  469
conteo regresivo:  468
conteo regresivo:  467
conteo regresivo:  466
conteo regresivo:  465
conteo regresivo:  464
conteo regresivo:  463
conteo regresivo:  462
conteo regresivo:  461
conteo regresivo:  460
conteo regresivo:  459
conteo regresivo:  458
conteo regresivo:  457
conteo regresivo:  456
conteo regresivo:  455
conteo regresivo:  454
conteo regresivo:  453
conteo regresivo:  452
conteo regresivo:  451
conteo regresivo:  450
conteo regresivo:  449
conteo regresivo:  448
conteo regresivo:  447
conteo regresivo:  446
conteo regresivo:  445
conteo regresivo:  444
conteo regresivo:  443
conteo regresivo:  442
conteo regresivo:  441
conteo regresivo:  440
conteo regresivo:  439
conteo regresivo:  438
conteo regresivo:  437
conteo regresivo:  436
conteo regresivo:  435
conteo regresivo:  434
conteo regresivo:  433
conteo regresivo:  432
conteo regresivo:  431
conteo regresivo:  430
conteo regresivo:  429
conteo regresivo:  428
conteo regresivo:  427
conteo regresivo:  426
conteo regresivo:  425
conteo regresivo:  424
conteo regresivo:  423
conteo regresivo:  422
conteo regresivo:  421
conteo regresivo:  420
conteo regresivo:  419
conteo regresivo:  418
conteo regresivo:  417
conteo regresivo:  416
conteo regresivo:  415
conteo regresivo:  414
conteo regresivo:  413
conteo regresivo:  412
conteo regresivo:  411
conteo regresivo:  410
conteo regresivo:  409
conteo regresivo:  408
conteo regresivo:  407
conteo regresivo:  406
conteo regresivo:  405
conteo regresivo:  404
conteo regresivo:  403
conteo regresivo:  402
conteo regresivo:  401
conteo regresivo:  400
conteo regresivo:  399
conteo regresivo:  398
conteo regresivo:  397
conteo regresivo:  396
conteo regresivo:  395
conteo regresivo:  394
conteo regresivo:  393
conteo regresivo:  392
conteo regresivo:  391
conteo regresivo:  390
conteo regresivo:  389
conteo regresivo:  388
conteo regresivo:  387
conteo regresivo:  386
conteo regresivo:  385
conteo regresivo:  384
conteo regresivo:  383
conteo regresivo:  382
conteo regresivo:  381
conteo regresivo:  380
conteo regresivo:  379
conteo regresivo:  378
conteo regresivo:  377
conteo regresivo:  376
conteo regresivo:  375
conteo regresivo:  374
conteo regresivo:  373
conteo regresivo:  372
conteo regresivo:  371
conteo regresivo:  370
conteo regresivo:  369
conteo regresivo:  368
conteo regresivo:  367
conteo regresivo:  366
conteo regresivo:  365
conteo regresivo:  364
conteo regresivo:  363
conteo regresivo:  362
conteo regresivo:  361
conteo regresivo:  360
conteo regresivo:  359
conteo regresivo:  358
conteo regresivo:  357
conteo regresivo:  356
conteo regresivo:  355
conteo regresivo:  354
conteo regresivo:  353
conteo regresivo:  352
conteo regresivo:  351
conteo regresivo:  350
conteo regresivo:  349
conteo regresivo:  348
conteo regresivo:  347
conteo regresivo:  346
conteo regresivo:  345
conteo regresivo:  344
conteo regresivo:  343
conteo regresivo:  342
conteo regresivo:  341
conteo regresivo:  340
conteo regresivo:  339
conteo regresivo:  338
conteo regresivo:  337
conteo regresivo:  336
conteo regresivo:  335
conteo regresivo:  334
conteo regresivo:  333
/home/dmontenegro/anaconda3/lib/python3.6/site-packages/h5py/__init__.py:36: FutureWarning: Conversion of the second argument of issubdtype from `float` to `np.floating` is deprecated. In future, it will be treated as `np.float64 == np.dtype(float).type`.
  from ._conv import register_converters as _register_converters
/home/dmontenegro/anaconda3/lib/python3.6/site-packages/gadget-0.1-py3.6-linux-x86_64.egg/gadget/simulation.py:17: UserWarning: Could not load calcGrid, plotting function will not work
  warnings.warn("Could not load calcGrid, plotting function will not work")
/home/dmontenegro/anaconda3/lib/python3.6/site-packages/gadget-0.1-py3.6-linux-x86_64.egg/gadget/DGsimulation.py:16: UserWarning: Could not load calcGrid, plotting function will not work
  warnings.warn("Could not load calcGrid, plotting function will not work")
/home/dmontenegro/anaconda3/lib/python3.6/site-packages/gadget-0.1-py3.6-linux-x86_64.egg/gadget/const.py:20: UserWarning: Could not setup constants
  warnings.warn("Could not setup constants")
conteo regresivo:  332
conteo regresivo:  331
conteo regresivo:  330
conteo regresivo:  329
conteo regresivo:  328
conteo regresivo:  327
conteo regresivo:  326
conteo regresivo:  325
conteo regresivo:  324
conteo regresivo:  323
conteo regresivo:  322
conteo regresivo:  321
conteo regresivo:  320
conteo regresivo:  319
conteo regresivo:  318
conteo regresivo:  317
conteo regresivo:  316
conteo regresivo:  315
conteo regresivo:  314
conteo regresivo:  313
conteo regresivo:  312
conteo regresivo:  311
conteo regresivo:  310
conteo regresivo:  309
conteo regresivo:  308
conteo regresivo:  307
conteo regresivo:  306
conteo regresivo:  305
conteo regresivo:  304
conteo regresivo:  303
conteo regresivo:  302
conteo regresivo:  301
conteo regresivo:  300
conteo regresivo:  299
conteo regresivo:  298
conteo regresivo:  297
conteo regresivo:  296
conteo regresivo:  295
conteo regresivo:  294
conteo regresivo:  293
conteo regresivo:  292
conteo regresivo:  291
conteo regresivo:  290
conteo regresivo:  289
conteo regresivo:  288
conteo regresivo:  287
conteo regresivo:  286
conteo regresivo:  285
conteo regresivo:  284
conteo regresivo:  283
conteo regresivo:  282
conteo regresivo:  281
conteo regresivo:  280
conteo regresivo:  279
conteo regresivo:  278
conteo regresivo:  277
conteo regresivo:  276
conteo regresivo:  275
conteo regresivo:  274
conteo regresivo:  273
conteo regresivo:  272
conteo regresivo:  271
conteo regresivo:  270
conteo regresivo:  269
conteo regresivo:  268
conteo regresivo:  267
conteo regresivo:  266
conteo regresivo:  265
conteo regresivo:  264
conteo regresivo:  263
conteo regresivo:  262
conteo regresivo:  261
conteo regresivo:  260
conteo regresivo:  259
conteo regresivo:  258
conteo regresivo:  257
conteo regresivo:  256
conteo regresivo:  255
conteo regresivo:  254
conteo regresivo:  253
conteo regresivo:  252
conteo regresivo:  251
conteo regresivo:  250
conteo regresivo:  249
conteo regresivo:  248
conteo regresivo:  247
conteo regresivo:  246
conteo regresivo:  245
conteo regresivo:  244
conteo regresivo:  243
conteo regresivo:  242
conteo regresivo:  241
conteo regresivo:  240
conteo regresivo:  239
conteo regresivo:  238
conteo regresivo:  237
conteo regresivo:  236
conteo regresivo:  235
conteo regresivo:  234
conteo regresivo:  233
conteo regresivo:  232
conteo regresivo:  231
conteo regresivo:  230
conteo regresivo:  229
conteo regresivo:  228
conteo regresivo:  227
conteo regresivo:  226
conteo regresivo:  225
conteo regresivo:  224
conteo regresivo:  223
conteo regresivo:  222
conteo regresivo:  221
conteo regresivo:  220
conteo regresivo:  219
conteo regresivo:  218
conteo regresivo:  217
conteo regresivo:  216
conteo regresivo:  215
conteo regresivo:  214
conteo regresivo:  213
conteo regresivo:  212
conteo regresivo:  211
conteo regresivo:  210
conteo regresivo:  209
conteo regresivo:  208
conteo regresivo:  207
conteo regresivo:  206
conteo regresivo:  205
conteo regresivo:  204
conteo regresivo:  203
conteo regresivo:  202
conteo regresivo:  201
conteo regresivo:  200
conteo regresivo:  199
conteo regresivo:  198
conteo regresivo:  197
conteo regresivo:  196
conteo regresivo:  195
conteo regresivo:  194
conteo regresivo:  193
conteo regresivo:  192
conteo regresivo:  191
conteo regresivo:  190
conteo regresivo:  189
conteo regresivo:  188
conteo regresivo:  187
conteo regresivo:  186
conteo regresivo:  185
conteo regresivo:  184
conteo regresivo:  183
conteo regresivo:  182
conteo regresivo:  181
conteo regresivo:  180
conteo regresivo:  179
conteo regresivo:  178
conteo regresivo:  177
conteo regresivo:  176
conteo regresivo:  175
conteo regresivo:  174
conteo regresivo:  173
conteo regresivo:  172
conteo regresivo:  171
conteo regresivo:  170
conteo regresivo:  169
conteo regresivo:  168
conteo regresivo:  167
conteo regresivo:  166
conteo regresivo:  165
conteo regresivo:  164
conteo regresivo:  163
conteo regresivo:  162
conteo regresivo:  161
conteo regresivo:  160
conteo regresivo:  159
conteo regresivo:  158
conteo regresivo:  157
conteo regresivo:  156
conteo regresivo:  155
conteo regresivo:  154
conteo regresivo:  153
conteo regresivo:  152
conteo regresivo:  151
conteo regresivo:  150
conteo regresivo:  149
conteo regresivo:  148
conteo regresivo:  147
conteo regresivo:  146
conteo regresivo:  145
conteo regresivo:  144
conteo regresivo:  143
conteo regresivo:  142
conteo regresivo:  141
conteo regresivo:  140
conteo regresivo:  139
conteo regresivo:  138
conteo regresivo:  137
conteo regresivo:  136
conteo regresivo:  135
conteo regresivo:  134
conteo regresivo:  133
conteo regresivo:  132
conteo regresivo:  131
conteo regresivo:  130
conteo regresivo:  129
conteo regresivo:  128
conteo regresivo:  127
conteo regresivo:  126
conteo regresivo:  125
conteo regresivo:  124
conteo regresivo:  123
conteo regresivo:  122
conteo regresivo:  121
conteo regresivo:  120
conteo regresivo:  119
conteo regresivo:  118
conteo regresivo:  117
conteo regresivo:  116
conteo regresivo:  115
conteo regresivo:  114
conteo regresivo:  113
conteo regresivo:  112
conteo regresivo:  111
conteo regresivo:  110
conteo regresivo:  109
conteo regresivo:  108
conteo regresivo:  107
conteo regresivo:  106
conteo regresivo:  105
conteo regresivo:  104
conteo regresivo:  103
conteo regresivo:  102
conteo regresivo:  101
conteo regresivo:  100
conteo regresivo:  99
conteo regresivo:  98
conteo regresivo:  97
conteo regresivo:  96
conteo regresivo:  95
conteo regresivo:  94
conteo regresivo:  93
conteo regresivo:  92
conteo regresivo:  91
conteo regresivo:  90
conteo regresivo:  89
conteo regresivo:  88
conteo regresivo:  87
conteo regresivo:  86
conteo regresivo:  85
conteo regresivo:  84
conteo regresivo:  83
conteo regresivo:  82
conteo regresivo:  81
conteo regresivo:  80
conteo regresivo:  79
conteo regresivo:  78
conteo regresivo:  77
conteo regresivo:  76
conteo regresivo:  75
conteo regresivo:  74
conteo regresivo:  73
conteo regresivo:  72
conteo regresivo:  71
conteo regresivo:  70
conteo regresivo:  69
conteo regresivo:  68
conteo regresivo:  67
conteo regresivo:  66
conteo regresivo:  65
conteo regresivo:  64
conteo regresivo:  63
conteo regresivo:  62
conteo regresivo:  61
conteo regresivo:  60
conteo regresivo:  59
conteo regresivo:  58
conteo regresivo:  57
conteo regresivo:  56
conteo regresivo:  55
conteo regresivo:  54
conteo regresivo:  53
conteo regresivo:  52
conteo regresivo:  51
conteo regresivo:  50
conteo regresivo:  49
conteo regresivo:  48
conteo regresivo:  47
conteo regresivo:  46
conteo regresivo:  45
conteo regresivo:  44
conteo regresivo:  43
conteo regresivo:  42
conteo regresivo:  41
conteo regresivo:  40
conteo regresivo:  39
conteo regresivo:  38
conteo regresivo:  37
conteo regresivo:  36
conteo regresivo:  35
conteo regresivo:  34
conteo regresivo:  33
conteo regresivo:  32
conteo regresivo:  31
conteo regresivo:  30
conteo regresivo:  29
conteo regresivo:  28
conteo regresivo:  27
conteo regresivo:  26
conteo regresivo:  25
conteo regresivo:  24
conteo regresivo:  23
conteo regresivo:  22
conteo regresivo:  21
conteo regresivo:  20
conteo regresivo:  19
conteo regresivo:  18
conteo regresivo:  17
conteo regresivo:  16
conteo regresivo:  15
conteo regresivo:  14
conteo regresivo:  13
conteo regresivo:  12
conteo regresivo:  11
conteo regresivo:  10
conteo regresivo:  9
conteo regresivo:  8
conteo regresivo:  7
conteo regresivo:  6
conteo regresivo:  5
conteo regresivo:  4
conteo regresivo:  3
conteo regresivo:  2
conteo regresivo:  1
-----------------------------------

Termina busqueda de halos con bh

------------
104070
104070
------------
-----------------------------------

Inicia Almacenamiento de los Data halos

-----------------------------------

Termina Almacenamiento de los Data halos

